c:\users\paul\desktop\game programming\cs3113assignments\homework1\nyucodebase\debug\vc120.pdb
c:\users\paul\desktop\game programming\cs3113assignments\homework1\nyucodebase\debug\vc120.idb
c:\users\paul\desktop\game programming\cs3113assignments\homework1\nyucodebase\debug\main.obj
c:\users\paul\desktop\game programming\cs3113assignments\homework1\nyucodebase\debug\matrix.obj
c:\users\paul\desktop\game programming\cs3113assignments\homework1\nyucodebase\debug\shaderprogram.obj
c:\users\paul\desktop\game programming\cs3113assignments\homework2\nyucodebase\debug\vc120.pdb
c:\users\paul\desktop\game programming\cs3113assignments\homework2\nyucodebase\debug\vc120.idb
c:\users\paul\desktop\game programming\cs3113assignments\homework2\nyucodebase\debug\main.obj
c:\users\paul\desktop\game programming\cs3113assignments\homework2\nyucodebase\debug\matrix.obj
c:\users\paul\desktop\game programming\cs3113assignments\homework2\nyucodebase\debug\shaderprogram.obj
c:\users\paul\desktop\game programming\cs3113assignments\homework1\debug\nyucodebase.ilk
c:\users\paul\desktop\game programming\cs3113assignments\homework1\debug\nyucodebase.exe
c:\users\paul\desktop\game programming\cs3113assignments\homework1\debug\nyucodebase.pdb
c:\users\paul\desktop\game programming\cs3113assignments\homework2\debug\nyucodebase.ilk
c:\users\paul\desktop\game programming\cs3113assignments\homework2\debug\nyucodebase.exe
c:\users\paul\desktop\game programming\cs3113assignments\homework2\debug\nyucodebase.pdb
c:\users\paul\desktop\game programming\cs3113assignments\homework2\nyucodebase\debug\nyucodebase.tlog\cl.command.1.tlog
c:\users\paul\desktop\game programming\cs3113assignments\homework2\nyucodebase\debug\nyucodebase.tlog\cl.read.1.tlog
c:\users\paul\desktop\game programming\cs3113assignments\homework2\nyucodebase\debug\nyucodebase.tlog\cl.write.1.tlog
c:\users\paul\desktop\game programming\cs3113assignments\homework2\nyucodebase\debug\nyucodebase.tlog\link.command.1.tlog
c:\users\paul\desktop\game programming\cs3113assignments\homework2\nyucodebase\debug\nyucodebase.tlog\link.read.1.tlog
c:\users\paul\desktop\game programming\cs3113assignments\homework2\nyucodebase\debug\nyucodebase.tlog\link.write.1.tlog
